#
# There is insufficient memory for the Java Runtime Environment to continue.
# Native memory allocation (malloc) failed to allocate 1048576 bytes for AllocateHeap
# Possible reasons:
#   The system is out of physical RAM or swap space
#   In 32 bit mode, the process size limit was hit
# Possible solutions:
#   Reduce memory load on the system
#   Increase physical memory or swap space
#   Check if swap backing store is full
#   Use 64 bit Java on a 64 bit OS
#   Decrease Java heap size (-Xmx/-Xms)
#   Decrease number of Java threads
#   Decrease Java thread stack sizes (-Xss)
#   Set larger code cache with -XX:ReservedCodeCacheSize=
# This output file may be truncated or incomplete.
#
#  Out of Memory Error (memory/allocation.inline.hpp:61), pid=12620, tid=0x00000000000033bc
#
# JRE version:  (8.0_121-b13) (build )
# Java VM: Java HotSpot(TM) 64-Bit Server VM (25.121-b13 mixed mode windows-amd64 compressed oops)
# Failed to write core dump. Minidumps are not enabled by default on client versions of Windows
#

---------------  T H R E A D  ---------------

Current thread (0x00000000054c4800):  JavaThread "Unknown thread" [_thread_in_vm, id=13244, stack(0x00000000052c0000,0x00000000053c0000)]

Stack: [0x00000000052c0000,0x00000000053c0000]
[error occurred during error reporting (printing stack bounds), id 0xc0000005]

Native frames: (J=compiled Java code, j=interpreted, Vv=VM code, C=native code)


---------------  P R O C E S S  ---------------

Java Threads: ( => current thread )

Other Threads:

=>0x00000000054c4800 (exited) JavaThread "Unknown thread" [_thread_in_vm, id=13244, stack(0x00000000052c0000,0x00000000053c0000)]

VM state:not at safepoint (normal execution)

VM Mutex/Monitor currently owned by a thread: None

Heap:
 PSYoungGen      total 57344K, used 983K [0x0000000780780000, 0x0000000784780000, 0x00000007c0000000)
  eden space 49152K, 2% used [0x0000000780780000,0x0000000780875c38,0x0000000783780000)
  from space 8192K, 0% used [0x0000000783f80000,0x0000000783f80000,0x0000000784780000)
  to   space 8192K, 0% used [0x0000000783780000,0x0000000783780000,0x0000000783f80000)
 ParOldGen       total 131072K, used 0K [0x0000000701600000, 0x0000000709600000, 0x0000000780780000)
  object space 131072K, 0% used [0x0000000701600000,0x0000000701600000,0x0000000709600000)
 Metaspace       used 770K, capacity 4480K, committed 4480K, reserved 1056768K
  class space    used 75K, capacity 384K, committed 384K, reserved 1048576K

Card table byte_map: [0x0000000014980000,0x0000000014f80000] byte_map_base: 0x0000000011175000

Marking Bits: (ParMarkBitMap*) 0x000000006df3b6d0
 Begin Bits: [0x0000000015780000, 0x0000000018728000)
 End Bits:   [0x0000000018728000, 0x000000001b6d0000)

Polling page: 0x00000000036e0000

CodeCache: size=245760Kb used=328Kb max_used=328Kb free=245431Kb
 bounds [0x00000000055c0000, 0x0000000005830000, 0x00000000145c0000]
 total_blobs=58 nmethods=0 adapters=38
 compilation: enabled

Compilation events (0 events):
No events

GC Heap History (0 events):
No events

Deoptimization events (0 events):
No events

Internal exceptions (0 events):
No events

Events (10 events):
Event: 0.038 loading class java/lang/Short
Event: 0.038 loading class java/lang/Short done
Event: 0.038 loading class java/lang/Integer
Event: 0.039 loading class java/lang/Integer done
Event: 0.039 loading class java/lang/Long
Event: 0.039 loading class java/lang/Long done
Event: 0.040 loading class java/lang/NullPointerException
Event: 0.040 loading class java/lang/NullPointerException done
Event: 0.040 loading class java/lang/ArithmeticException
Event: 0.040 loading class java/lang/ArithmeticException done


Dynamic libraries:
0x00007ff77b5f0000 - 0x00007ff77b627000 	F:\JavaSE\jdk1.8.0_121\bin\java.exe
0x00007ff9434d0000 - 0x00007ff9436b0000 	C:\WINDOWS\SYSTEM32\ntdll.dll
0x00007ff941710000 - 0x00007ff9417be000 	C:\WINDOWS\System32\KERNEL32.DLL
0x00007ff9404e0000 - 0x00007ff940746000 	C:\WINDOWS\System32\KERNELBASE.dll
0x00007ff941820000 - 0x00007ff9418c1000 	C:\WINDOWS\System32\ADVAPI32.dll
0x00007ff940ea0000 - 0x00007ff940f3d000 	C:\WINDOWS\System32\msvcrt.dll
0x00007ff940f70000 - 0x00007ff940fcb000 	C:\WINDOWS\System32\sechost.dll
0x00007ff940d60000 - 0x00007ff940e7f000 	C:\WINDOWS\System32\RPCRT4.dll
0x00007ff9409d0000 - 0x00007ff940b5f000 	C:\WINDOWS\System32\USER32.dll
0x00007ff940750000 - 0x00007ff940770000 	C:\WINDOWS\System32\win32u.dll
0x00007ff940f40000 - 0x00007ff940f68000 	C:\WINDOWS\System32\GDI32.dll
0x00007ff93f8d0000 - 0x00007ff93fa63000 	C:\WINDOWS\System32\gdi32full.dll
0x00007ff9401c0000 - 0x00007ff94025b000 	C:\WINDOWS\System32\msvcp_win.dll
0x00007ff9408a0000 - 0x00007ff940994000 	C:\WINDOWS\System32\ucrtbase.dll
0x00007ff934ab0000 - 0x00007ff934d19000 	C:\WINDOWS\WinSxS\amd64_microsoft.windows.common-controls_6595b64144ccf1df_6.0.16299.1087_none_0f9074b65a6589b7\COMCTL32.dll
0x00007ff941d20000 - 0x00007ff942026000 	C:\WINDOWS\System32\combase.dll
0x00007ff940820000 - 0x00007ff940892000 	C:\WINDOWS\System32\bcryptPrimitives.dll
0x00007ff9409a0000 - 0x00007ff9409cd000 	C:\WINDOWS\System32\IMM32.DLL
0x000000006efc0000 - 0x000000006f092000 	F:\JavaSE\jdk1.8.0_121\jre\bin\msvcr100.dll
0x000000006d720000 - 0x000000006dfbb000 	F:\JavaSE\jdk1.8.0_121\jre\bin\server\jvm.dll
0x00007ff940e90000 - 0x00007ff940e98000 	C:\WINDOWS\System32\PSAPI.DLL
0x00007ff92cd70000 - 0x00007ff92cd79000 	C:\WINDOWS\SYSTEM32\WSOCK32.dll
0x00007ff9413a0000 - 0x00007ff94140c000 	C:\WINDOWS\System32\WS2_32.dll
0x00007ff93c7e0000 - 0x00007ff93c803000 	C:\WINDOWS\SYSTEM32\WINMM.dll
0x00007ff93aac0000 - 0x00007ff93aaca000 	C:\WINDOWS\SYSTEM32\VERSION.dll
0x00007ff93c780000 - 0x00007ff93c7aa000 	C:\WINDOWS\SYSTEM32\WINMMBASE.dll
0x00007ff940260000 - 0x00007ff9402aa000 	C:\WINDOWS\System32\cfgmgr32.dll
0x0000000070e90000 - 0x0000000070e9f000 	F:\JavaSE\jdk1.8.0_121\jre\bin\verify.dll
0x000000006f300000 - 0x000000006f329000 	F:\JavaSE\jdk1.8.0_121\jre\bin\java.dll
0x000000006ef90000 - 0x000000006efb3000 	F:\JavaSE\jdk1.8.0_121\jre\bin\instrument.dll
0x000000006f2e0000 - 0x000000006f2f6000 	F:\JavaSE\jdk1.8.0_121\jre\bin\zip.dll

VM Arguments:
jvm_args: -XX:TieredStopAtLevel=1 -Xverify:none -Dspring.output.ansi.enabled=always -Dcom.sun.management.jmxremote -Dspring.jmx.enabled=true -Dspring.liveBeansView.mbeanDomain -Dspring.application.admin.enabled=true -javaagent:E:\IntelliJ\IntelliJ IDEA 2019.1.1\lib\idea_rt.jar=50060:E:\IntelliJ\IntelliJ IDEA 2019.1.1\bin -Dfile.encoding=UTF-8 
java_command: com.example.dyupdate.DyupdateApplication
java_class_path (initial): F:\JavaSE\jdk1.8.0_121\jre\lib\charsets.jar;F:\JavaSE\jdk1.8.0_121\jre\lib\deploy.jar;F:\JavaSE\jdk1.8.0_121\jre\lib\ext\access-bridge-64.jar;F:\JavaSE\jdk1.8.0_121\jre\lib\ext\cldrdata.jar;F:\JavaSE\jdk1.8.0_121\jre\lib\ext\dnsns.jar;F:\JavaSE\jdk1.8.0_121\jre\lib\ext\jaccess.jar;F:\JavaSE\jdk1.8.0_121\jre\lib\ext\jfxrt.jar;F:\JavaSE\jdk1.8.0_121\jre\lib\ext\localedata.jar;F:\JavaSE\jdk1.8.0_121\jre\lib\ext\nashorn.jar;F:\JavaSE\jdk1.8.0_121\jre\lib\ext\sunec.jar;F:\JavaSE\jdk1.8.0_121\jre\lib\ext\sunjce_provider.jar;F:\JavaSE\jdk1.8.0_121\jre\lib\ext\sunmscapi.jar;F:\JavaSE\jdk1.8.0_121\jre\lib\ext\sunpkcs11.jar;F:\JavaSE\jdk1.8.0_121\jre\lib\ext\zipfs.jar;F:\JavaSE\jdk1.8.0_121\jre\lib\javaws.jar;F:\JavaSE\jdk1.8.0_121\jre\lib\jce.jar;F:\JavaSE\jdk1.8.0_121\jre\lib\jfr.jar;F:\JavaSE\jdk1.8.0_121\jre\lib\jfxswt.jar;F:\JavaSE\jdk1.8.0_121\jre\lib\jsse.jar;F:\JavaSE\jdk1.8.0_121\jre\lib\management-agent.jar;F:\JavaSE\jdk1.8.0_121\jre\lib\plugin.jar;F:\JavaSE\jdk1.8.0_121\jre\lib\resources.jar;F:\JavaSE\jdk1.8.0_121\jre\lib\rt.jar;E:\javaprojects\dyupdate\target\classes;F:\!计科\Maven\repo\org\springframework\boot\spring-boot-starter-data-redis\2.3.0.RELEASE\spring-boot-starter-data-redis-2.3.0.RELEASE.jar;F:\!计科\Maven\repo\org\springframework\boot\spring-boot-starter\2.3.0.RELEASE\spring-boot-starter-2.3.0.RELEASE.jar;F:\!计科\Maven\repo\org\springframework\boot\spring-boot\2.3.0.RELEASE\spring-boot-2.3.0.RELEASE.jar;F:\!计科\Maven\repo\org\springframework\boot\spring-boot-autoconfigure\2.3.0.RELEASE\spring-boot-autoconfigure-2.3.0.RELEASE.jar;F:\!计科\Maven\repo\org\springframework\boot\spring-boot-starter-logging\2.3.0.RELEASE\spring-boot-starter-logging-2.3.0.RELEASE.jar;F:\!计科\Maven\repo\ch\qos\logback\logback-classic\1.2.3\logback-classic-1.2.3.jar;F:\!计科\Maven\repo\ch\qos\logback\logback-core\1.2.3\logback-core-1.2.3.jar;F:\!计科\Maven\repo\org\apache\logging\log4j\log4j-to-slf4j\2.13.2\log4j-to-slf4j-2.13.2.jar;F:\!计科\Mave
Launcher Type: SUN_STANDARD

Environment Variables:
JAVA_HOME=F:\JavaSE\jdk1.8.0_121
CLASSPATH=.;"F:\JavaSE\jdk1.8.0_121\lib;F:\JavaSE\jdk1.8.0_121\lib\tools.jar";
PATH=E:\Xftp\;E:\Xshell\;F:\Xftp6\;C:\ProgramData\Oracle\Java\javapath;C:\WINDOWS\system32;C:\WINDOWS;C:\WINDOWS\System32\Wbem;C:\WINDOWS\System32\WindowsPowerShell\v1.0\;C:\Program Files (x86)\NVIDIA Corporation\PhysX\Common;C:\Program Files (x86)\QuickTime\QTSystem\;C:\Program Files\Intel\WiFi\bin\;C:\Python33;C:\Python33\Scripts;F:\java\project\Tex\src\javazuoye;C:\WINDOWS\system32;C:\WINDOWS;C:\WINDOWS\System32\Wbem;C:\WINDOWS\System32\WindowsPowerShell\v1.0\;C:\Program Files (x86)\Microsoft SQL Server\100\Tools\Binn\;C:\Program Files\Microsoft SQL Server\100\Tools\Binn\;C:\Program Files\Microsoft SQL Server\100\DTS\Binn\;C:\Program Files (x86)\Microsoft SQL Server\100\Tools\Binn\VSShell\Common7\IDE\;F:\计科\Microsoft Visual Studio 9.0\Common7\IDE\PrivateAssemblies\;C;\Program Files (x86)\Microsoft SQL Server\100\DTS\Binn\;F:\apache-tomcat-7.0.81\bin;F:\JavaSE\jdk1.8.0_121\bin;F:\JavaSE\jdk1.8.0_121\jre\bin;F:\PuTTY\;F:\apache-maven-3.6.0\bin;F:\nodejs\;C:\Program Files\dotnet\;C:\Program Files\Microsoft SQL Server\130\Tools\Binn\;C:\Program Files\Microsoft SQL Server\Client SDK\ODBC\170\Tools\Binn\;E:\Graphviz2.38;E:\Graphviz2.38\bin;C:\Program Files (x86)\MySQL\MySQL Server 5.7\bin;C:\Program Files (x86)\MySQL\MySQL Server 5.7;E:\Git\cmd;F:\Redis\;E:\Python37\Scripts\;E:\Python37\;C:\Users\Cha\AppData\Local\Microsoft\WindowsApps;C:\Program Files\Intel\WiFi\bin\;C:\Program Files\Common Files\Intel\WirelessCommon\;C:\Python33;C:\Users\Cha\AppData\Local\GitHubDesktop\bin;C:\Users\Cha\AppData\Roaming\npm;E:\IntelliJ\IntelliJ IDEA 2019.1.1\bin;;F:\consul_1.5.3_windows_amd64;E:\cmder;;E:\PyCharm\bin;
USERNAME=Chak Fong
OS=Windows_NT
PROCESSOR_IDENTIFIER=Intel64 Family 6 Model 94 Stepping 3, GenuineIntel



---------------  S Y S T E M  ---------------

OS: Windows 10.0 , 64 bit Build 16299 (10.0.16299.1087)

CPU:total 4 (4 cores per cpu, 1 threads per core) family 6 model 94 stepping 3, cmov, cx8, fxsr, mmx, sse, sse2, sse3, ssse3, sse4.1, sse4.2, popcnt, avx, avx2, aes, clmul, erms, rtm, 3dnowpref, lzcnt, tsc, tscinvbit, bmi1, bmi2, adx

Memory: 4k page, physical 12489584k(4255684k free), swap 14537584k(6264k free)

vm_info: Java HotSpot(TM) 64-Bit Server VM (25.121-b13) for windows-amd64 JRE (1.8.0_121-b13), built on Dec 12 2016 18:21:36 by "java_re" with MS VC++ 10.0 (VS2010)

time: Fri May 29 00:17:45 2020
elapsed time: 0 seconds (0d 0h 0m 0s)

